<?xml version="1.0" encoding="utf-8" ?>
<!DOCTYPE html PUBLIC "-//W3C//DTD XHTML 1.0 Strict//EN"
        "http://www.w3.org/TR/xhtml1/DTD/xhtml1-strict.dtd">
<html xmlns="http://www.w3.org/1999/xhtml" xml:lang="" lang="">
<head>
  <title>Test Results Report - Run on FIREFOX</title>
  <meta http-equiv="Content-Type" content="text/html;charset=utf-8" />
  <meta name="description" content="TestNG unit test results." />
  <link href="reportng.css" rel="stylesheet" type="text/css" />
    <script type="text/javascript" src="reportng.js"></script>
</head>
<body>
<h1>Run on FIREFOX</h1>
<p>
  Test duration: 0.433s
</p>

  <table class="resultsTable configTable">
    <tr><th colspan="3" class="header failedConfig">Failed Configuration</th></tr>
              <tr class="group">
        <td colspan="3">com.nopcommerce.user.Level_20_1_Manager_Data_Json</td>
      </tr>
            
<tr>
  <td class="method">
                  afterClass
      </td>
  <td class="duration">
    0.001s
  </td>
  <td class="result">
        
    
        

        <a href="javascript:toggleElement('exception-0', 'block')" title="Click to expand/collapse"><b>java.lang.NullPointerException</b></a><br />
    <div class="stackTrace" id="exception-0">
              java.base/java.lang.Runtime.exec(Runtime.java:406)<br />
              java.base/java.lang.Runtime.exec(Runtime.java:310)<br />
              commons.BaseTest.closeBrowserDriver(BaseTest.java:227)<br />
              com.nopcommerce.user.Level_20_1_Manager_Data_Json.afterClass(Level_20_1_Manager_Data_Json.java:93)<br />
              java.base/jdk.internal.reflect.NativeMethodAccessorImpl.invoke0(Native Method)<br />
              java.base/jdk.internal.reflect.NativeMethodAccessorImpl.invoke(NativeMethodAccessorImpl.java:62)<br />
              java.base/jdk.internal.reflect.DelegatingMethodAccessorImpl.invoke(DelegatingMethodAccessorImpl.java:43)<br />
              java.base/java.lang.reflect.Method.invoke(Method.java:566)<br />
              org.testng.internal.MethodInvocationHelper.invokeMethod(MethodInvocationHelper.java:124)<br />
              org.testng.internal.MethodInvocationHelper.invokeMethodConsideringTimeout(MethodInvocationHelper.java:59)<br />
              org.testng.internal.Invoker.invokeConfigurationMethod(Invoker.java:458)<br />
              org.testng.internal.Invoker.invokeConfigurations(Invoker.java:222)<br />
              org.testng.internal.Invoker.invokeConfigurations(Invoker.java:142)<br />
              org.testng.internal.TestMethodWorker.invokeAfterClassMethods(TestMethodWorker.java:214)<br />
              org.testng.internal.TestMethodWorker.run(TestMethodWorker.java:111)<br />
              org.testng.TestRunner.privateRun(TestRunner.java:648)<br />
              org.testng.TestRunner.run(TestRunner.java:505)<br />
              org.testng.SuiteRunner.runTest(SuiteRunner.java:455)<br />
              org.testng.SuiteRunner.runSequentially(SuiteRunner.java:450)<br />
              org.testng.SuiteRunner.privateRun(SuiteRunner.java:415)<br />
              org.testng.SuiteRunner.run(SuiteRunner.java:364)<br />
              org.testng.SuiteRunnerWorker.runSuite(SuiteRunnerWorker.java:52)<br />
              org.testng.SuiteRunnerWorker.run(SuiteRunnerWorker.java:84)<br />
              org.testng.TestNG.runSuitesSequentially(TestNG.java:1208)<br />
              org.testng.TestNG.runSuitesLocally(TestNG.java:1137)<br />
              org.testng.TestNG.runSuites(TestNG.java:1049)<br />
              org.testng.TestNG.run(TestNG.java:1017)<br />
              org.testng.remote.AbstractRemoteTestNG.run(AbstractRemoteTestNG.java:115)<br />
              org.testng.remote.RemoteTestNG.initAndRun(RemoteTestNG.java:251)<br />
              org.testng.remote.RemoteTestNG.main(RemoteTestNG.java:77)<br />
                </div>
      </td>
</tr>
<tr>
  <td class="method">
                  beforeClass
      </td>
  <td class="duration">
    0.417s
  </td>
  <td class="result">
        
          <i>Method arguments: </i><span class="arguments">"firefox", "https://demo.nopcommerce.com/"</span><br />
    
        

        <a href="javascript:toggleElement('exception-1', 'block')" title="Click to expand/collapse"><b>org.openqa.selenium.WebDriverException: java.io.FileNotFoundException: /Users/phuongtran/Documents/2.Selenium/4.Maven-Hybrid-Framework/browserLogs/FirefoxLog.log (No such file or directory)<br/>
Build info: version: &apos;3.141.59&apos;, revision: &apos;e82be7d358&apos;, time: &apos;2018-11-14T08:17:03&apos;<br/>
System info: host: &apos;Admins-MacBook-Pro.local&apos;, ip: &apos;fe80:0:0:0:4d5:e5ab:cffb:5535%en0&apos;, os.name: &apos;Mac OS X&apos;, os.arch: &apos;aarch64&apos;, os.version: &apos;11.6.8&apos;, java.version: &apos;11.0.16&apos;<br/>
Driver info: driver.version: FirefoxDriver</b></a><br />
    <div class="stackTrace" id="exception-1">
              org.openqa.selenium.firefox.GeckoDriverService$Builder.createDriverService(GeckoDriverService.java:212)<br />
              org.openqa.selenium.firefox.GeckoDriverService$Builder.createDriverService(GeckoDriverService.java:114)<br />
              org.openqa.selenium.remote.service.DriverService$Builder.build(DriverService.java:360)<br />
              org.openqa.selenium.firefox.FirefoxDriver.toExecutor(FirefoxDriver.java:190)<br />
              org.openqa.selenium.firefox.FirefoxDriver.&lt;init&gt;(FirefoxDriver.java:147)<br />
              commons.BaseTest.getBrowserDriver(BaseTest.java:53)<br />
              com.nopcommerce.user.Level_20_1_Manager_Data_Json.beforeClass(Level_20_1_Manager_Data_Json.java:28)<br />
              java.base/jdk.internal.reflect.NativeMethodAccessorImpl.invoke0(Native Method)<br />
              java.base/jdk.internal.reflect.NativeMethodAccessorImpl.invoke(NativeMethodAccessorImpl.java:62)<br />
              java.base/jdk.internal.reflect.DelegatingMethodAccessorImpl.invoke(DelegatingMethodAccessorImpl.java:43)<br />
              java.base/java.lang.reflect.Method.invoke(Method.java:566)<br />
              org.testng.internal.MethodInvocationHelper.invokeMethod(MethodInvocationHelper.java:124)<br />
              org.testng.internal.MethodInvocationHelper.invokeMethodConsideringTimeout(MethodInvocationHelper.java:59)<br />
              org.testng.internal.Invoker.invokeConfigurationMethod(Invoker.java:458)<br />
              org.testng.internal.Invoker.invokeConfigurations(Invoker.java:222)<br />
              org.testng.internal.Invoker.invokeConfigurations(Invoker.java:142)<br />
              org.testng.internal.TestMethodWorker.invokeBeforeClassMethods(TestMethodWorker.java:168)<br />
              org.testng.internal.TestMethodWorker.run(TestMethodWorker.java:105)<br />
              org.testng.TestRunner.privateRun(TestRunner.java:648)<br />
              org.testng.TestRunner.run(TestRunner.java:505)<br />
              org.testng.SuiteRunner.runTest(SuiteRunner.java:455)<br />
              org.testng.SuiteRunner.runSequentially(SuiteRunner.java:450)<br />
              org.testng.SuiteRunner.privateRun(SuiteRunner.java:415)<br />
              org.testng.SuiteRunner.run(SuiteRunner.java:364)<br />
              org.testng.SuiteRunnerWorker.runSuite(SuiteRunnerWorker.java:52)<br />
              org.testng.SuiteRunnerWorker.run(SuiteRunnerWorker.java:84)<br />
              org.testng.TestNG.runSuitesSequentially(TestNG.java:1208)<br />
              org.testng.TestNG.runSuitesLocally(TestNG.java:1137)<br />
              org.testng.TestNG.runSuites(TestNG.java:1049)<br />
              org.testng.TestNG.run(TestNG.java:1017)<br />
              org.testng.remote.AbstractRemoteTestNG.run(AbstractRemoteTestNG.java:115)<br />
              org.testng.remote.RemoteTestNG.initAndRun(RemoteTestNG.java:251)<br />
              org.testng.remote.RemoteTestNG.main(RemoteTestNG.java:77)<br />
                    <b>Caused by: </b> <a href="javascript:toggleElement('exception-2', 'block')" title="Click to expand/collapse">java.io.FileNotFoundException: /Users/phuongtran/Documents/2.Selenium/4.Maven-Hybrid-Framework/browserLogs/FirefoxLog.log (No such file or directory)</a><br />
        <div class="stackTrace" id="exception-2">
                      java.base/java.io.FileOutputStream.open0(Native Method)<br />
                      java.base/java.io.FileOutputStream.open(FileOutputStream.java:298)<br />
                      java.base/java.io.FileOutputStream.&lt;init&gt;(FileOutputStream.java:237)<br />
                      java.base/java.io.FileOutputStream.&lt;init&gt;(FileOutputStream.java:126)<br />
                      org.openqa.selenium.firefox.GeckoDriverService$Builder.createDriverService(GeckoDriverService.java:200)<br />
                      org.openqa.selenium.firefox.GeckoDriverService$Builder.createDriverService(GeckoDriverService.java:114)<br />
                      org.openqa.selenium.remote.service.DriverService$Builder.build(DriverService.java:360)<br />
                      org.openqa.selenium.firefox.FirefoxDriver.toExecutor(FirefoxDriver.java:190)<br />
                      org.openqa.selenium.firefox.FirefoxDriver.&lt;init&gt;(FirefoxDriver.java:147)<br />
                      commons.BaseTest.getBrowserDriver(BaseTest.java:53)<br />
                      com.nopcommerce.user.Level_20_1_Manager_Data_Json.beforeClass(Level_20_1_Manager_Data_Json.java:28)<br />
                      java.base/jdk.internal.reflect.NativeMethodAccessorImpl.invoke0(Native Method)<br />
                      java.base/jdk.internal.reflect.NativeMethodAccessorImpl.invoke(NativeMethodAccessorImpl.java:62)<br />
                      java.base/jdk.internal.reflect.DelegatingMethodAccessorImpl.invoke(DelegatingMethodAccessorImpl.java:43)<br />
                      java.base/java.lang.reflect.Method.invoke(Method.java:566)<br />
                      org.testng.internal.MethodInvocationHelper.invokeMethod(MethodInvocationHelper.java:124)<br />
                      org.testng.internal.MethodInvocationHelper.invokeMethodConsideringTimeout(MethodInvocationHelper.java:59)<br />
                      org.testng.internal.Invoker.invokeConfigurationMethod(Invoker.java:458)<br />
                      org.testng.internal.Invoker.invokeConfigurations(Invoker.java:222)<br />
                      org.testng.internal.Invoker.invokeConfigurations(Invoker.java:142)<br />
                      org.testng.internal.TestMethodWorker.invokeBeforeClassMethods(TestMethodWorker.java:168)<br />
                      org.testng.internal.TestMethodWorker.run(TestMethodWorker.java:105)<br />
                      org.testng.TestRunner.privateRun(TestRunner.java:648)<br />
                      org.testng.TestRunner.run(TestRunner.java:505)<br />
                      org.testng.SuiteRunner.runTest(SuiteRunner.java:455)<br />
                      org.testng.SuiteRunner.runSequentially(SuiteRunner.java:450)<br />
                      org.testng.SuiteRunner.privateRun(SuiteRunner.java:415)<br />
                      org.testng.SuiteRunner.run(SuiteRunner.java:364)<br />
                      org.testng.SuiteRunnerWorker.runSuite(SuiteRunnerWorker.java:52)<br />
                      org.testng.SuiteRunnerWorker.run(SuiteRunnerWorker.java:84)<br />
                      org.testng.TestNG.runSuitesSequentially(TestNG.java:1208)<br />
                      org.testng.TestNG.runSuitesLocally(TestNG.java:1137)<br />
                      org.testng.TestNG.runSuites(TestNG.java:1049)<br />
                      org.testng.TestNG.run(TestNG.java:1017)<br />
                      org.testng.remote.AbstractRemoteTestNG.run(AbstractRemoteTestNG.java:115)<br />
                      org.testng.remote.RemoteTestNG.initAndRun(RemoteTestNG.java:251)<br />
                      org.testng.remote.RemoteTestNG.main(RemoteTestNG.java:77)<br />
                  </div>
          </div>
      </td>
</tr>
    
      </table>



  <table class="resultsTable" width="100%">
    <tr><th colspan="3" class="header skipped">Skipped Tests</th></tr>
          <tr>
        <td colspan="3" class="group">com.nopcommerce.user.Level_20_1_Manager_Data_Json</td>
      </tr>
            
<tr>
  <td class="method">
                  User_01_Register
      </td>
  <td class="duration">
    0.000s
  </td>
  <td class="result">
                               
    
        

      </td>
</tr>
<tr>
  <td class="method">
                  User_02_Login
      </td>
  <td class="duration">
    0.000s
  </td>
  <td class="result">
                               
    
        

      </td>
</tr>
      </table>

  
</body>
</html>
